<?xml version="1.0" encoding="UTF-8"?>
<!-- Generated by org.testng.reporters.JUnitReportReporter -->
<testsuite hostname="LoneWolf" failures="0" tests="1" name="testcase.RunLogin" time="0.000" errors="0" timestamp="2024-06-18T18:03:45 IST" skipped="1">
  <testcase classname="testcase.RunLogin" name="runLogin" time="0.000">
    <skipped/>
  </testcase> <!-- runLogin -->
  <system-out/>
</testsuite> <!-- testcase.RunLogin -->
