<?xml version="1.0" encoding="UTF-8"?>
<!-- Generated by org.testng.reporters.JUnitReportReporter -->
<testsuite hostname="LoneWolf" failures="0" tests="2" name="testcase.CreateLead" time="32.992" errors="0" timestamp="2024-06-18T18:03:45 IST" skipped="0">
  <testcase classname="testcase.CreateLead" name="createLead" time="18.248"/>
  <system-out/>
  <testcase classname="testcase.CreateLead" name="createLead" time="14.744"/>
  <system-out/>
</testsuite> <!-- testcase.CreateLead -->
